<?xml version="1.0" encoding="UTF-8"?>
<testsuite xmlns:xsi="http://www.w3.org/2001/XMLSchema-instance" xsi:noNamespaceSchemaLocation="https://maven.apache.org/surefire/maven-surefire-plugin/xsd/surefire-test-report-3.0.xsd" version="3.0" name="TestSuite" time="4.065" tests="33" errors="0" skipped="29" failures="4">
  <properties>
[...]
</properties>
  <testcase name="preTest" classname="com.xfactor.test.LoginTest" time="2.76">
    <failure message="org/apache/http/HttpRequest" type="java.lang.NoClassDefFoundError"><![CDATA[java.lang.NoClassDefFoundError: org/apache/http/HttpRequest
Caused by: java.lang.ClassNotFoundException: org.apache.http.HttpRequest
]]></failure>
    <system-out><![CDATA[Test Suite Execution Started 
Time Stamp: Mon Nov 09 22:50:16 IST 2020
]]></system-out>
  </testcase>
  <testcase name="preCondition" classname="com.xfactor.test.LoginTest" time="0">
    <skipped/>
  </testcase>
  <testcase name="loginWithInvalidUsername_logout" classname="com.xfactor.test.LoginTest" time="0">
    <skipped message="org/apache/http/HttpRequest"/>
    <system-out><![CDATA[loginWithInvalidUsername_logout has started 
]]></system-out>
  </testcase>
  <testcase name="loginWithInvalidPassword" classname="com.xfactor.test.LoginTest" time="0">
    <skipped message="org/apache/http/HttpRequest"/>
    <system-out><![CDATA[loginWithInvalidPassword has started 
]]></system-out>
  </testcase>
  <testcase name="loginWithInvalidUsernameAndPassword" classname="com.xfactor.test.LoginTest" time="0">
    <skipped message="org/apache/http/HttpRequest"/>
    <system-out><![CDATA[loginWithInvalidUsernameAndPassword has started 
]]></system-out>
  </testcase>
  <testcase name="loginWithValidCredentials" classname="com.xfactor.test.LoginTest" time="0">
    <skipped message="org/apache/http/HttpRequest"/>
    <system-out><![CDATA[loginWithValidCredentials has started 
]]></system-out>
  </testcase>
  <testcase name="postCondition" classname="com.xfactor.test.LoginTest" time="0">
    <skipped/>
  </testcase>
  <testcase name="teardown" classname="com.xfactor.test.LoginTest" time="0">
    <skipped/>
  </testcase>
  <testcase name="preTest" classname="com.xfactor.test.AboutUsTest" time="0.635">
    <failure message="org/apache/http/HttpRequest" type="java.lang.NoClassDefFoundError"><![CDATA[java.lang.NoClassDefFoundError: org/apache/http/HttpRequest
Caused by: java.lang.ClassNotFoundException: org.apache.http.HttpRequest
]]></failure>
    <system-out><![CDATA[Login has finished it's execution Mon Nov 09 22:50:17 IST 2020
Test Suite Execution Started 
Time Stamp: Mon Nov 09 22:50:17 IST 2020
]]></system-out>
  </testcase>
  <testcase name="preCondition" classname="com.xfactor.test.AboutUsTest" time="0">
    <skipped/>
  </testcase>
  <testcase name="displayAboutUsPage" classname="com.xfactor.test.AboutUsTest" time="0">
    <skipped message="org/apache/http/HttpRequest"/>
    <system-out><![CDATA[displayAboutUsPage has started 
]]></system-out>
  </testcase>
  <testcase name="displayFAQPage" classname="com.xfactor.test.AboutUsTest" time="0">
    <skipped message="org/apache/http/HttpRequest"/>
    <system-out><![CDATA[displayFAQPage has started 
]]></system-out>
  </testcase>
  <testcase name="filterFAQsAccordingToCategories" classname="com.xfactor.test.AboutUsTest" time="0">
    <skipped message="Method AboutUsTest.filterFAQsAccordingToCategories()[pri:0, instance:com.xfactor.test.AboutUsTest@5ae63ade] depends on not successfully finished methods"/>
    <system-out><![CDATA[filterFAQsAccordingToCategories has started 
]]></system-out>
  </testcase>
  <testcase name="contactUs" classname="com.xfactor.test.AboutUsTest" time="0">
    <skipped message="org/apache/http/HttpRequest"/>
    <system-out><![CDATA[contactUs has started 
]]></system-out>
  </testcase>
  <testcase name="displayEnduserTerms" classname="com.xfactor.test.AboutUsTest" time="0">
    <skipped message="org/apache/http/HttpRequest"/>
    <system-out><![CDATA[displayEnduserTerms has started 
]]></system-out>
  </testcase>
  <testcase name="postCondition" classname="com.xfactor.test.AboutUsTest" time="0">
    <skipped/>
  </testcase>
  <testcase name="teardown" classname="com.xfactor.test.AboutUsTest" time="0">
    <skipped/>
  </testcase>
  <testcase name="preTest" classname="com.xfactor.test.MyProfileTest" time="0.134">
    <failure message="org/apache/http/HttpRequest" type="java.lang.NoClassDefFoundError"><![CDATA[java.lang.NoClassDefFoundError: org/apache/http/HttpRequest
Caused by: java.lang.ClassNotFoundException: org.apache.http.HttpRequest
]]></failure>
    <system-out><![CDATA[AboutUs has finished it's execution Mon Nov 09 22:50:18 IST 2020
Test Suite Execution Started 
Time Stamp: Mon Nov 09 22:50:18 IST 2020
]]></system-out>
  </testcase>
  <testcase name="preCondition" classname="com.xfactor.test.MyProfileTest" time="0">
    <skipped/>
  </testcase>
  <testcase name="displayMyProfilePage" classname="com.xfactor.test.MyProfileTest" time="0">
    <skipped message="org/apache/http/HttpRequest"/>
    <system-out><![CDATA[displayMyProfilePage has started 
]]></system-out>
  </testcase>
  <testcase name="postCondition" classname="com.xfactor.test.MyProfileTest" time="0">
    <skipped/>
  </testcase>
  <testcase name="teardown" classname="com.xfactor.test.MyProfileTest" time="0">
    <skipped/>
  </testcase>
  <testcase name="preTest" classname="com.xfactor.test.MyXfactorHomeTest" time="0.086">
    <failure message="org/apache/http/HttpRequest" type="java.lang.NoClassDefFoundError"><![CDATA[java.lang.NoClassDefFoundError: org/apache/http/HttpRequest
Caused by: java.lang.ClassNotFoundException: org.apache.http.HttpRequest
]]></failure>
    <system-out><![CDATA[MyProfile has finished it's execution Mon Nov 09 22:50:18 IST 2020
Test Suite Execution Started 
Time Stamp: Mon Nov 09 22:50:18 IST 2020
]]></system-out>
  </testcase>
  <testcase name="preCondition" classname="com.xfactor.test.MyXfactorHomeTest" time="0">
    <skipped/>
  </testcase>
  <testcase name="displayXfactorHomePage" classname="com.xfactor.test.MyXfactorHomeTest" time="0">
    <skipped message="org/apache/http/HttpRequest"/>
    <system-out><![CDATA[displayXfactorHomePage has started 
]]></system-out>
  </testcase>
  <testcase name="searchingAllOpportunitiesBySource" classname="com.xfactor.test.MyXfactorHomeTest" time="0">
    <skipped message="org/apache/http/HttpRequest"/>
    <system-out><![CDATA[searchingAllOpportunitiesBySource has started 
]]></system-out>
  </testcase>
  <testcase name="searchingAllActiveOpportunitiesBySource" classname="com.xfactor.test.MyXfactorHomeTest" time="0">
    <skipped message="org/apache/http/HttpRequest"/>
    <system-out><![CDATA[searchingAllActiveOpportunitiesBySource has started 
]]></system-out>
  </testcase>
  <testcase name="searchingAllHistoricOpportunitiesBySource" classname="com.xfactor.test.MyXfactorHomeTest" time="0">
    <skipped message="org/apache/http/HttpRequest"/>
    <system-out><![CDATA[searchingAllHistoricOpportunitiesBySource has started 
]]></system-out>
  </testcase>
  <testcase name="searchingAllOpportunitiesByCategory" classname="com.xfactor.test.MyXfactorHomeTest" time="0">
    <skipped message="org/apache/http/HttpRequest"/>
    <system-out><![CDATA[searchingAllOpportunitiesByCategory has started 
]]></system-out>
  </testcase>
  <testcase name="searchingAllActiveOpportunitiesByCategory" classname="com.xfactor.test.MyXfactorHomeTest" time="0">
    <skipped message="org/apache/http/HttpRequest"/>
    <system-out><![CDATA[searchingAllActiveOpportunitiesByCategory has started 
]]></system-out>
  </testcase>
  <testcase name="searchingAllHistoricOpportunitiesByCategory" classname="com.xfactor.test.MyXfactorHomeTest" time="0">
    <skipped message="org/apache/http/HttpRequest"/>
    <system-out><![CDATA[searchingAllHistoricOpportunitiesByCategory has started 
]]></system-out>
  </testcase>
  <testcase name="postCondition" classname="com.xfactor.test.MyXfactorHomeTest" time="0">
    <skipped/>
  </testcase>
  <testcase name="teardown" classname="com.xfactor.test.MyXfactorHomeTest" time="0">
    <skipped/>
  </testcase>
</testsuite>