<?xml version="1.0" encoding="UTF-8"?>
<!-- Generated by org.testng.reporters.JUnitXMLReporter -->
<testsuite hostname="Arun" ignored="0" name="AboutUs" tests="5" failures="0" timestamp="2020-11-09T23:41:20 IST" time="72.449" errors="0">
  <testcase name="displayAboutUsPage" time="7.231" classname="com.xfactor.test.AboutUsTest"/>
  <testcase name="displayFAQPage" time="3.756" classname="com.xfactor.test.AboutUsTest"/>
  <testcase name="filterFAQsAccordingToCategories" time="28.496" classname="com.xfactor.test.AboutUsTest"/>
  <testcase name="contactUs" time="4.617" classname="com.xfactor.test.AboutUsTest"/>
  <testcase name="displayEnduserTerms" time="4.121" classname="com.xfactor.test.AboutUsTest"/>
</testsuite> <!-- AboutUs -->
