<?xml version="1.0" encoding="UTF-8"?>
<!-- Generated by org.testng.reporters.JUnitXMLReporter -->
<testsuite hostname="Arun" ignored="0" name="Login" tests="4" failures="0" timestamp="2020-11-09T23:40:07 IST" time="57.837" errors="0">
  <testcase name="loginWithInvalidUsername_logout" time="11.04" classname="com.xfactor.test.LoginTest"/>
  <testcase name="loginWithInvalidPassword" time="6.241" classname="com.xfactor.test.LoginTest"/>
  <testcase name="loginWithInvalidUsernameAndPassword" time="1.093" classname="com.xfactor.test.LoginTest"/>
  <testcase name="loginWithValidCredentials" time="4.037" classname="com.xfactor.test.LoginTest"/>
</testsuite> <!-- Login -->
