<?xml version="1.0" encoding="UTF-8"?>
<!-- Generated by org.testng.reporters.JUnitXMLReporter -->
<testsuite hostname="Arun" ignored="0" name="MyXfactorHome" tests="7" failures="0" timestamp="2020-11-09T22:50:18 IST" time="0.018" errors="0">
  <testcase name="@BeforeTest preTest" time="0.002" classname="com.xfactor.generics.BaseTest">
    <failure type="java.lang.NoClassDefFoundError" message="org/apache/http/HttpRequest">
      <![CDATA[java.lang.NoClassDefFoundError: org/apache/http/HttpRequest
at java.lang.ClassLoader.defineClass1(Native Method)
at java.lang.ClassLoader.defineClass(ClassLoader.java:763)
at java.security.SecureClassLoader.defineClass(SecureClassLoader.java:142)
at java.net.URLClassLoader.defineClass(URLClassLoader.java:467)
at java.net.URLClassLoader.access$100(URLClassLoader.java:73)
at java.net.URLClassLoader$1.run(URLClassLoader.java:368)
at java.net.URLClassLoader$1.run(URLClassLoader.java:362)
at java.security.AccessController.doPrivileged(Native Method)
at java.net.URLClassLoader.findClass(URLClassLoader.java:361)
at java.lang.ClassLoader.loadClass(ClassLoader.java:424)
at sun.misc.Launcher$AppClassLoader.loadClass(Launcher.java:349)
at java.lang.ClassLoader.loadClass(ClassLoader.java:357)
at java.lang.ClassLoader.defineClass1(Native Method)
at java.lang.ClassLoader.defineClass(ClassLoader.java:763)
at java.security.SecureClassLoader.defineClass(SecureClassLoader.java:142)
at java.net.URLClassLoader.defineClass(URLClassLoader.java:467)
at java.net.URLClassLoader.access$100(URLClassLoader.java:73)
at java.net.URLClassLoader$1.run(URLClassLoader.java:368)
at java.net.URLClassLoader$1.run(URLClassLoader.java:362)
at java.security.AccessController.doPrivileged(Native Method)
at java.net.URLClassLoader.findClass(URLClassLoader.java:361)
at java.lang.ClassLoader.loadClass(ClassLoader.java:424)
at sun.misc.Launcher$AppClassLoader.loadClass(Launcher.java:349)
at java.lang.ClassLoader.loadClass(ClassLoader.java:357)
at com.xfactor.generics.BrowserFactory.launchBrowser(BrowserFactory.java:21)
at com.xfactor.generics.BaseTest.preTest(BaseTest.java:24)
Caused by: java.lang.ClassNotFoundException: org.apache.http.HttpRequest
at java.net.URLClassLoader.findClass(URLClassLoader.java:381)
at java.lang.ClassLoader.loadClass(ClassLoader.java:424)
at sun.misc.Launcher$AppClassLoader.loadClass(Launcher.java:349)
at java.lang.ClassLoader.loadClass(ClassLoader.java:357)
... 54 more
... Removed 28 stack frames]]>
    </failure>
  </testcase> <!-- @BeforeTest preTest -->
  <testcase name="@BeforeClass preCondition" time="-1.604942418202E9" classname="com.xfactor.generics.BaseTest">
    <skipped/>
  </testcase> <!-- @BeforeClass preCondition -->
  <testcase name="@AfterClass postCondition" time="-1.604942418211E9" classname="com.xfactor.generics.BaseTest">
    <skipped/>
  </testcase> <!-- @AfterClass postCondition -->
  <testcase name="@AfterTest teardown" time="-1.604942418213E9" classname="com.xfactor.generics.BaseTest">
    <skipped/>
  </testcase> <!-- @AfterTest teardown -->
  <testcase name="displayXfactorHomePage" time="0.0" classname="com.xfactor.test.MyXfactorHomeTest">
    <skipped/>
  </testcase> <!-- displayXfactorHomePage -->
  <testcase name="searchingAllOpportunitiesBySource" time="0.0" classname="com.xfactor.test.MyXfactorHomeTest">
    <skipped/>
  </testcase> <!-- searchingAllOpportunitiesBySource -->
  <testcase name="searchingAllActiveOpportunitiesBySource" time="0.0" classname="com.xfactor.test.MyXfactorHomeTest">
    <skipped/>
  </testcase> <!-- searchingAllActiveOpportunitiesBySource -->
  <testcase name="searchingAllHistoricOpportunitiesBySource" time="0.0" classname="com.xfactor.test.MyXfactorHomeTest">
    <skipped/>
  </testcase> <!-- searchingAllHistoricOpportunitiesBySource -->
  <testcase name="searchingAllOpportunitiesByCategory" time="0.0" classname="com.xfactor.test.MyXfactorHomeTest">
    <skipped/>
  </testcase> <!-- searchingAllOpportunitiesByCategory -->
  <testcase name="searchingAllActiveOpportunitiesByCategory" time="0.0" classname="com.xfactor.test.MyXfactorHomeTest">
    <skipped/>
  </testcase> <!-- searchingAllActiveOpportunitiesByCategory -->
  <testcase name="searchingAllHistoricOpportunitiesByCategory" time="0.0" classname="com.xfactor.test.MyXfactorHomeTest">
    <skipped/>
  </testcase> <!-- searchingAllHistoricOpportunitiesByCategory -->
</testsuite> <!-- MyXfactorHome -->
